{"/Users/Ani/Code_Camp/communic-backend/src/app.ts": {"path":"/Users/Ani/Code_Camp/communic-backend/src/app.ts","statementMap":{"0":{"start":{"line":1,"column":0},"end":{"line":1,"column":30}},"1":{"start":{"line":3,"column":0},"end":{"line":3,"column":47}},"2":{"start":{"line":4,"column":0},"end":{"line":4,"column":24}},"3":{"start":{"line":5,"column":0},"end":{"line":5,"column":36}},"4":{"start":{"line":6,"column":0},"end":{"line":6,"column":47}},"5":{"start":{"line":7,"column":0},"end":{"line":7,"column":null}},"6":{"start":{"line":16,"column":0},"end":{"line":16,"column":103}},"7":{"start":{"line":17,"column":0},"end":{"line":17,"column":104}},"8":{"start":{"line":18,"column":0},"end":{"line":18,"column":45}},"9":{"start":{"line":19,"column":0},"end":{"line":19,"column":65}},"10":{"start":{"line":21,"column":13},"end":{"line":121,"column":2}},"11":{"start":{"line":21,"column":33},"end":{"line":121,"column":2}},"12":{"start":{"line":22,"column":14},"end":{"line":22,"column":23}},"13":{"start":{"line":23,"column":2},"end":{"line":23,"column":43}},"14":{"start":{"line":24,"column":2},"end":{"line":24,"column":18}},"15":{"start":{"line":25,"column":2},"end":{"line":25,"column":18}},"16":{"start":{"line":33,"column":25},"end":{"line":53,"column":3}},"17":{"start":{"line":35,"column":23},"end":{"line":35,"column":51}},"18":{"start":{"line":39,"column":24},"end":{"line":39,"column":62}},"19":{"start":{"line":41,"column":4},"end":{"line":43,"column":null}},"20":{"start":{"line":42,"column":6},"end":{"line":42,"column":33}},"21":{"start":{"line":45,"column":4},"end":{"line":52,"column":7}},"22":{"start":{"line":47,"column":6},"end":{"line":47,"column":42}},"23":{"start":{"line":47,"column":15},"end":{"line":47,"column":42}},"24":{"start":{"line":50,"column":6},"end":{"line":50,"column":25}},"25":{"start":{"line":51,"column":6},"end":{"line":51,"column":13}},"26":{"start":{"line":61,"column":24},"end":{"line":69,"column":3}},"27":{"start":{"line":62,"column":24},"end":{"line":62,"column":41}},"28":{"start":{"line":63,"column":23},"end":{"line":63,"column":56}},"29":{"start":{"line":64,"column":4},"end":{"line":68,"column":null}},"30":{"start":{"line":65,"column":6},"end":{"line":65,"column":20}},"31":{"start":{"line":67,"column":6},"end":{"line":67,"column":20}},"32":{"start":{"line":71,"column":2},"end":{"line":73,"column":5}},"33":{"start":{"line":72,"column":4},"end":{"line":72,"column":27}},"34":{"start":{"line":75,"column":2},"end":{"line":75,"column":40}},"35":{"start":{"line":76,"column":2},"end":{"line":76,"column":49}},"36":{"start":{"line":77,"column":2},"end":{"line":77,"column":42}},"37":{"start":{"line":78,"column":2},"end":{"line":78,"column":54}},"38":{"start":{"line":79,"column":2},"end":{"line":79,"column":62}},"39":{"start":{"line":80,"column":2},"end":{"line":83,"column":73}},"40":{"start":{"line":86,"column":2},"end":{"line":86,"column":79}},"41":{"start":{"line":88,"column":2},"end":{"line":88,"column":83}},"42":{"start":{"line":89,"column":2},"end":{"line":89,"column":79}},"43":{"start":{"line":90,"column":2},"end":{"line":93,"column":73}},"44":{"start":{"line":98,"column":2},"end":{"line":98,"column":42}},"45":{"start":{"line":103,"column":2},"end":{"line":103,"column":36}},"46":{"start":{"line":105,"column":2},"end":{"line":105,"column":71}},"47":{"start":{"line":106,"column":2},"end":{"line":106,"column":72}},"48":{"start":{"line":107,"column":2},"end":{"line":107,"column":77}},"49":{"start":{"line":114,"column":2},"end":{"line":117,"column":5}},"50":{"start":{"line":115,"column":4},"end":{"line":115,"column":20}},"51":{"start":{"line":116,"column":4},"end":{"line":116,"column":29}},"52":{"start":{"line":119,"column":2},"end":{"line":119,"column":24}},"53":{"start":{"line":120,"column":2},"end":{"line":120,"column":13}}},"fnMap":{"0":{"name":"(anonymous_9)","decl":{"start":{"line":21,"column":22},"end":{"line":21,"column":31}},"loc":{"start":{"line":21,"column":33},"end":{"line":121,"column":2}}},"1":{"name":"(anonymous_10)","decl":{"start":{"line":21,"column":33},"end":{"line":21,"column":null}},"loc":{"start":{"line":21,"column":33},"end":{"line":121,"column":1}}},"2":{"name":"(anonymous_11)","decl":{"start":{"line":33,"column":25},"end":{"line":33,"column":26}},"loc":{"start":{"line":33,"column":77},"end":{"line":53,"column":3}}},"3":{"name":"(anonymous_12)","decl":{"start":{"line":45,"column":36},"end":{"line":45,"column":37}},"loc":{"start":{"line":45,"column":50},"end":{"line":52,"column":5}}},"4":{"name":"(anonymous_13)","decl":{"start":{"line":61,"column":24},"end":{"line":61,"column":25}},"loc":{"start":{"line":61,"column":76},"end":{"line":69,"column":3}}},"5":{"name":"(anonymous_14)","decl":{"start":{"line":71,"column":23},"end":{"line":71,"column":24}},"loc":{"start":{"line":71,"column":34},"end":{"line":73,"column":3}}},"6":{"name":"(anonymous_15)","decl":{"start":{"line":114,"column":10},"end":{"line":114,"column":11}},"loc":{"start":{"line":114,"column":74},"end":{"line":117,"column":3}}}},"branchMap":{"0":{"loc":{"start":{"line":39,"column":24},"end":{"line":39,"column":34}},"type":"binary-expr","locations":[{"start":{"line":39,"column":24},"end":{"line":39,"column":34}},{"start":{"line":39,"column":38},"end":{"line":39,"column":62}}]},"1":{"loc":{"start":{"line":41,"column":4},"end":{"line":43,"column":null}},"type":"if","locations":[{"start":{"line":41,"column":4},"end":{"line":43,"column":null}},{"start":{"line":41,"column":4},"end":{"line":43,"column":null}}]},"2":{"loc":{"start":{"line":47,"column":6},"end":{"line":47,"column":42}},"type":"if","locations":[{"start":{"line":47,"column":6},"end":{"line":47,"column":42}},{"start":{"line":47,"column":6},"end":{"line":47,"column":42}}]},"3":{"loc":{"start":{"line":63,"column":23},"end":{"line":63,"column":34}},"type":"binary-expr","locations":[{"start":{"line":63,"column":23},"end":{"line":63,"column":34}},{"start":{"line":63,"column":38},"end":{"line":63,"column":56}}]},"4":{"loc":{"start":{"line":64,"column":4},"end":{"line":68,"column":null}},"type":"if","locations":[{"start":{"line":64,"column":4},"end":{"line":68,"column":null}},{"start":{"line":64,"column":4},"end":{"line":68,"column":null}}]},"5":{"loc":{"start":{"line":64,"column":8},"end":{"line":64,"column":18}},"type":"binary-expr","locations":[{"start":{"line":64,"column":8},"end":{"line":64,"column":18}},{"start":{"line":64,"column":22},"end":{"line":64,"column":47}}]}},"s":{"0":1,"1":1,"2":1,"3":1,"4":1,"5":1,"6":1,"7":1,"8":1,"9":1,"10":1,"11":12,"12":12,"13":12,"14":12,"15":12,"16":12,"17":0,"18":0,"19":0,"20":0,"21":0,"22":0,"23":0,"24":0,"25":0,"26":12,"27":0,"28":0,"29":0,"30":0,"31":0,"32":12,"33":1,"34":12,"35":12,"36":12,"37":12,"38":12,"39":12,"40":12,"41":12,"42":12,"43":12,"44":12,"45":12,"46":12,"47":12,"48":12,"49":12,"50":0,"51":0,"52":12,"53":12},"f":{"0":12,"1":12,"2":0,"3":0,"4":0,"5":1,"6":0},"b":{"0":[0,0],"1":[0,0],"2":[0,0],"3":[0,0],"4":[0,0],"5":[0,0]}}
,"/Users/Ani/Code_Camp/communic-backend/src/configuration/index.ts": {"path":"/Users/Ani/Code_Camp/communic-backend/src/configuration/index.ts","statementMap":{"0":{"start":{"line":1,"column":13},"end":{"line":1,"column":55}},"1":{"start":{"line":2,"column":13},"end":{"line":2,"column":73}},"2":{"start":{"line":6,"column":13},"end":{"line":6,"column":184}}},"fnMap":{},"branchMap":{"0":{"loc":{"start":{"line":1,"column":28},"end":{"line":1,"column":44}},"type":"binary-expr","locations":[{"start":{"line":1,"column":28},"end":{"line":1,"column":44}},{"start":{"line":1,"column":48},"end":{"line":1,"column":54}}]},"1":{"loc":{"start":{"line":2,"column":35},"end":{"line":2,"column":55}},"type":"binary-expr","locations":[{"start":{"line":2,"column":35},"end":{"line":2,"column":55}},{"start":{"line":2,"column":59},"end":{"line":2,"column":72}}]},"2":{"loc":{"start":{"line":6,"column":22},"end":{"line":6,"column":49}},"type":"binary-expr","locations":[{"start":{"line":6,"column":22},"end":{"line":6,"column":49}},{"start":{"line":6,"column":53},"end":{"line":6,"column":183}}]}},"s":{"0":1,"1":1,"2":1},"f":{},"b":{"0":[1,1],"1":[1,0],"2":[1,1]}}
,"/Users/Ani/Code_Camp/communic-backend/src/controllers/projectControllers.ts": {"path":"/Users/Ani/Code_Camp/communic-backend/src/controllers/projectControllers.ts","statementMap":{"0":{"start":{"line":2,"column":0},"end":{"line":2,"column":30}},"1":{"start":{"line":7,"column":2},"end":{"line":7,"column":36}},"2":{"start":{"line":13,"column":4},"end":{"line":13,"column":45}},"3":{"start":{"line":15,"column":2},"end":{"line":33,"column":null}},"4":{"start":{"line":16,"column":4},"end":{"line":16,"column":55}},"5":{"start":{"line":18,"column":40},"end":{"line":18,"column":71}},"6":{"start":{"line":20,"column":22},"end":{"line":20,"column":46}},"7":{"start":{"line":21,"column":4},"end":{"line":30,"column":null}},"8":{"start":{"line":21,"column":17},"end":{"line":21,"column":18}},"9":{"start":{"line":23,"column":6},"end":{"line":27,"column":null}},"10":{"start":{"line":24,"column":8},"end":{"line":24,"column":70}},"11":{"start":{"line":26,"column":8},"end":{"line":26,"column":68}},"12":{"start":{"line":28,"column":6},"end":{"line":28,"column":49}},"13":{"start":{"line":29,"column":6},"end":{"line":29,"column":94}},"14":{"start":{"line":32,"column":4},"end":{"line":32,"column":106}},"15":{"start":{"line":34,"column":2},"end":{"line":34,"column":20}},"16":{"start":{"line":37,"column":13},"end":{"line":71,"column":2}},"17":{"start":{"line":37,"column":85},"end":{"line":71,"column":2}},"18":{"start":{"line":38,"column":2},"end":{"line":70,"column":null}},"19":{"start":{"line":39,"column":33},"end":{"line":39,"column":53}},"20":{"start":{"line":40,"column":4},"end":{"line":42,"column":null}},"21":{"start":{"line":41,"column":6},"end":{"line":41,"column":89}},"22":{"start":{"line":43,"column":21},"end":{"line":43,"column":36}},"23":{"start":{"line":44,"column":22},"end":{"line":44,"column":38}},"24":{"start":{"line":46,"column":4},"end":{"line":48,"column":null}},"25":{"start":{"line":47,"column":6},"end":{"line":47,"column":24}},"26":{"start":{"line":49,"column":4},"end":{"line":51,"column":null}},"27":{"start":{"line":50,"column":6},"end":{"line":50,"column":24}},"28":{"start":{"line":52,"column":26},"end":{"line":52,"column":46}},"29":{"start":{"line":53,"column":27},"end":{"line":53,"column":48}},"30":{"start":{"line":55,"column":4},"end":{"line":57,"column":null}},"31":{"start":{"line":56,"column":6},"end":{"line":56,"column":88}},"32":{"start":{"line":58,"column":4},"end":{"line":60,"column":null}},"33":{"start":{"line":59,"column":6},"end":{"line":59,"column":89}},"34":{"start":{"line":62,"column":45},"end":{"line":65,"column":null}},"35":{"start":{"line":67,"column":4},"end":{"line":67,"column":44}},"36":{"start":{"line":69,"column":4},"end":{"line":69,"column":16}},"37":{"start":{"line":73,"column":13},"end":{"line":158,"column":2}},"38":{"start":{"line":73,"column":84},"end":{"line":158,"column":2}},"39":{"start":{"line":74,"column":2},"end":{"line":157,"column":null}},"40":{"start":{"line":76,"column":20},"end":{"line":76,"column":103}},"41":{"start":{"line":79,"column":29},"end":{"line":79,"column":59}},"42":{"start":{"line":80,"column":27},"end":{"line":82,"column":null}},"43":{"start":{"line":84,"column":4},"end":{"line":84,"column":60}},"44":{"start":{"line":87,"column":24},"end":{"line":92,"column":null}},"45":{"start":{"line":94,"column":4},"end":{"line":94,"column":51}},"46":{"start":{"line":97,"column":21},"end":{"line":99,"column":6}},"47":{"start":{"line":100,"column":4},"end":{"line":100,"column":41}},"48":{"start":{"line":102,"column":4},"end":{"line":148,"column":null}},"49":{"start":{"line":104,"column":31},"end":{"line":104,"column":53}},"50":{"start":{"line":105,"column":29},"end":{"line":107,"column":null}},"51":{"start":{"line":109,"column":6},"end":{"line":109,"column":54}},"52":{"start":{"line":112,"column":20},"end":{"line":116,"column":null}},"53":{"start":{"line":119,"column":6},"end":{"line":129,"column":null}},"54":{"start":{"line":119,"column":19},"end":{"line":119,"column":20}},"55":{"start":{"line":121,"column":30},"end":{"line":121,"column":55}},"56":{"start":{"line":122,"column":28},"end":{"line":124,"column":null}},"57":{"start":{"line":126,"column":8},"end":{"line":126,"column":56}},"58":{"start":{"line":128,"column":8},"end":{"line":128,"column":36}},"59":{"start":{"line":130,"column":25},"end":{"line":136,"column":null}},"60":{"start":{"line":139,"column":6},"end":{"line":143,"column":9}},"61":{"start":{"line":140,"column":27},"end":{"line":140,"column":38}},"62":{"start":{"line":141,"column":8},"end":{"line":141,"column":34}},"63":{"start":{"line":142,"column":8},"end":{"line":142,"column":76}},"64":{"start":{"line":142,"column":29},"end":{"line":142,"column":47}},"65":{"start":{"line":144,"column":6},"end":{"line":144,"column":40}},"66":{"start":{"line":147,"column":6},"end":{"line":147,"column":52}},"67":{"start":{"line":150,"column":4},"end":{"line":154,"column":null}},"68":{"start":{"line":151,"column":6},"end":{"line":151,"column":45}},"69":{"start":{"line":153,"column":6},"end":{"line":153,"column":59}},"70":{"start":{"line":156,"column":4},"end":{"line":156,"column":16}},"71":{"start":{"line":160,"column":13},"end":{"line":193,"column":2}},"72":{"start":{"line":160,"column":87},"end":{"line":193,"column":2}},"73":{"start":{"line":161,"column":2},"end":{"line":192,"column":null}},"74":{"start":{"line":162,"column":17},"end":{"line":162,"column":25}},"75":{"start":{"line":163,"column":18},"end":{"line":163,"column":28}},"76":{"start":{"line":164,"column":21},"end":{"line":164,"column":34}},"77":{"start":{"line":165,"column":24},"end":{"line":165,"column":40}},"78":{"start":{"line":166,"column":17},"end":{"line":166,"column":26}},"79":{"start":{"line":167,"column":19},"end":{"line":167,"column":25}},"80":{"start":{"line":168,"column":20},"end":{"line":168,"column":42}},"81":{"start":{"line":169,"column":4},"end":{"line":169,"column":null}},"82":{"start":{"line":170,"column":4},"end":{"line":172,"column":null}},"83":{"start":{"line":171,"column":6},"end":{"line":171,"column":50}},"84":{"start":{"line":174,"column":23},"end":{"line":177,"column":null}},"85":{"start":{"line":180,"column":22},"end":{"line":180,"column":50}},"86":{"start":{"line":183,"column":4},"end":{"line":187,"column":6}},"87":{"start":{"line":189,"column":4},"end":{"line":189,"column":26}},"88":{"start":{"line":191,"column":4},"end":{"line":191,"column":16}},"89":{"start":{"line":196,"column":13},"end":{"line":211,"column":2}},"90":{"start":{"line":196,"column":89},"end":{"line":211,"column":2}},"91":{"start":{"line":197,"column":2},"end":{"line":210,"column":null}},"92":{"start":{"line":198,"column":15},"end":{"line":198,"column":32}},"93":{"start":{"line":199,"column":23},"end":{"line":205,"column":null}},"94":{"start":{"line":207,"column":4},"end":{"line":207,"column":44}},"95":{"start":{"line":209,"column":4},"end":{"line":209,"column":16}},"96":{"start":{"line":213,"column":13},"end":{"line":227,"column":2}},"97":{"start":{"line":213,"column":92},"end":{"line":227,"column":2}},"98":{"start":{"line":214,"column":2},"end":{"line":226,"column":null}},"99":{"start":{"line":215,"column":15},"end":{"line":215,"column":32}},"100":{"start":{"line":216,"column":23},"end":{"line":221,"column":null}},"101":{"start":{"line":223,"column":4},"end":{"line":223,"column":44}},"102":{"start":{"line":225,"column":4},"end":{"line":225,"column":16}},"103":{"start":{"line":229,"column":13},"end":{"line":243,"column":2}},"104":{"start":{"line":229,"column":87},"end":{"line":243,"column":2}},"105":{"start":{"line":230,"column":2},"end":{"line":242,"column":null}},"106":{"start":{"line":231,"column":34},"end":{"line":231,"column":44}},"107":{"start":{"line":233,"column":23},"end":{"line":236,"column":null}},"108":{"start":{"line":238,"column":4},"end":{"line":238,"column":11}},"109":{"start":{"line":240,"column":4},"end":{"line":240,"column":23}},"110":{"start":{"line":241,"column":4},"end":{"line":241,"column":16}},"111":{"start":{"line":245,"column":13},"end":{"line":259,"column":2}},"112":{"start":{"line":245,"column":90},"end":{"line":259,"column":2}},"113":{"start":{"line":246,"column":2},"end":{"line":258,"column":null}},"114":{"start":{"line":247,"column":34},"end":{"line":247,"column":44}},"115":{"start":{"line":249,"column":23},"end":{"line":252,"column":null}},"116":{"start":{"line":255,"column":4},"end":{"line":255,"column":11}},"117":{"start":{"line":257,"column":4},"end":{"line":257,"column":16}}},"fnMap":{"0":{"name":"calculateSqlParamValue","decl":{"start":{"line":6,"column":9},"end":{"line":6,"column":31}},"loc":{"start":{"line":6,"column":45},"end":{"line":8,"column":1}}},"1":{"name":"searchForProjects","decl":{"start":{"line":10,"column":15},"end":{"line":10,"column":32}},"loc":{"start":{"line":10,"column":92},"end":{"line":35,"column":null}}},"2":{"name":"specifyPagination","decl":{"start":{"line":12,"column":11},"end":{"line":12,"column":28}},"loc":{"start":{"line":12,"column":58},"end":{"line":14,"column":3}}},"3":{"name":"(anonymous_11)","decl":{"start":{"line":37,"column":27},"end":{"line":37,"column":34}},"loc":{"start":{"line":37,"column":85},"end":{"line":71,"column":2}}},"4":{"name":"(anonymous_12)","decl":{"start":{"line":37,"column":85},"end":{"line":37,"column":null}},"loc":{"start":{"line":37,"column":85},"end":{"line":71,"column":1}}},"5":{"name":"(anonymous_13)","decl":{"start":{"line":73,"column":26},"end":{"line":73,"column":33}},"loc":{"start":{"line":73,"column":84},"end":{"line":158,"column":2}}},"6":{"name":"(anonymous_14)","decl":{"start":{"line":73,"column":84},"end":{"line":73,"column":null}},"loc":{"start":{"line":73,"column":84},"end":{"line":158,"column":1}}},"7":{"name":"(anonymous_15)","decl":{"start":{"line":139,"column":30},"end":{"line":139,"column":41}},"loc":{"start":{"line":139,"column":44},"end":{"line":143,"column":7}}},"8":{"name":"(anonymous_16)","decl":{"start":{"line":142,"column":24},"end":{"line":142,"column":25}},"loc":{"start":{"line":142,"column":29},"end":{"line":142,"column":47}}},"9":{"name":"(anonymous_17)","decl":{"start":{"line":160,"column":29},"end":{"line":160,"column":36}},"loc":{"start":{"line":160,"column":87},"end":{"line":193,"column":2}}},"10":{"name":"(anonymous_18)","decl":{"start":{"line":160,"column":87},"end":{"line":160,"column":null}},"loc":{"start":{"line":160,"column":87},"end":{"line":193,"column":1}}},"11":{"name":"(anonymous_19)","decl":{"start":{"line":196,"column":31},"end":{"line":196,"column":38}},"loc":{"start":{"line":196,"column":89},"end":{"line":211,"column":2}}},"12":{"name":"(anonymous_20)","decl":{"start":{"line":196,"column":89},"end":{"line":196,"column":null}},"loc":{"start":{"line":196,"column":89},"end":{"line":211,"column":1}}},"13":{"name":"(anonymous_21)","decl":{"start":{"line":213,"column":34},"end":{"line":213,"column":41}},"loc":{"start":{"line":213,"column":92},"end":{"line":227,"column":2}}},"14":{"name":"(anonymous_22)","decl":{"start":{"line":213,"column":92},"end":{"line":213,"column":null}},"loc":{"start":{"line":213,"column":92},"end":{"line":227,"column":1}}},"15":{"name":"(anonymous_23)","decl":{"start":{"line":229,"column":29},"end":{"line":229,"column":36}},"loc":{"start":{"line":229,"column":87},"end":{"line":243,"column":2}}},"16":{"name":"(anonymous_24)","decl":{"start":{"line":229,"column":87},"end":{"line":229,"column":null}},"loc":{"start":{"line":229,"column":87},"end":{"line":243,"column":1}}},"17":{"name":"(anonymous_25)","decl":{"start":{"line":245,"column":32},"end":{"line":245,"column":39}},"loc":{"start":{"line":245,"column":90},"end":{"line":259,"column":2}}},"18":{"name":"(anonymous_26)","decl":{"start":{"line":245,"column":90},"end":{"line":245,"column":null}},"loc":{"start":{"line":245,"column":90},"end":{"line":259,"column":1}}}},"branchMap":{"0":{"loc":{"start":{"line":15,"column":2},"end":{"line":33,"column":null}},"type":"if","locations":[{"start":{"line":15,"column":2},"end":{"line":33,"column":null}},{"start":{"line":15,"column":2},"end":{"line":33,"column":null}}]},"1":{"loc":{"start":{"line":23,"column":6},"end":{"line":27,"column":null}},"type":"if","locations":[{"start":{"line":23,"column":6},"end":{"line":27,"column":null}},{"start":{"line":23,"column":6},"end":{"line":27,"column":null}}]},"2":{"loc":{"start":{"line":40,"column":4},"end":{"line":42,"column":null}},"type":"if","locations":[{"start":{"line":40,"column":4},"end":{"line":42,"column":null}},{"start":{"line":40,"column":4},"end":{"line":42,"column":null}}]},"3":{"loc":{"start":{"line":46,"column":4},"end":{"line":48,"column":null}},"type":"if","locations":[{"start":{"line":46,"column":4},"end":{"line":48,"column":null}},{"start":{"line":46,"column":4},"end":{"line":48,"column":null}}]},"4":{"loc":{"start":{"line":49,"column":4},"end":{"line":51,"column":null}},"type":"if","locations":[{"start":{"line":49,"column":4},"end":{"line":51,"column":null}},{"start":{"line":49,"column":4},"end":{"line":51,"column":null}}]},"5":{"loc":{"start":{"line":55,"column":4},"end":{"line":57,"column":null}},"type":"if","locations":[{"start":{"line":55,"column":4},"end":{"line":57,"column":null}},{"start":{"line":55,"column":4},"end":{"line":57,"column":null}}]},"6":{"loc":{"start":{"line":55,"column":8},"end":{"line":55,"column":35}},"type":"binary-expr","locations":[{"start":{"line":55,"column":8},"end":{"line":55,"column":35}},{"start":{"line":55,"column":39},"end":{"line":55,"column":56}}]},"7":{"loc":{"start":{"line":58,"column":4},"end":{"line":60,"column":null}},"type":"if","locations":[{"start":{"line":58,"column":4},"end":{"line":60,"column":null}},{"start":{"line":58,"column":4},"end":{"line":60,"column":null}}]},"8":{"loc":{"start":{"line":58,"column":8},"end":{"line":58,"column":36}},"type":"binary-expr","locations":[{"start":{"line":58,"column":8},"end":{"line":58,"column":36}},{"start":{"line":58,"column":40},"end":{"line":58,"column":58}}]},"9":{"loc":{"start":{"line":150,"column":4},"end":{"line":154,"column":null}},"type":"if","locations":[{"start":{"line":150,"column":4},"end":{"line":154,"column":null}},{"start":{"line":150,"column":4},"end":{"line":154,"column":null}}]},"10":{"loc":{"start":{"line":170,"column":4},"end":{"line":172,"column":null}},"type":"if","locations":[{"start":{"line":170,"column":4},"end":{"line":172,"column":null}},{"start":{"line":170,"column":4},"end":{"line":172,"column":null}}]},"11":{"loc":{"start":{"line":170,"column":8},"end":{"line":170,"column":14}},"type":"binary-expr","locations":[{"start":{"line":170,"column":8},"end":{"line":170,"column":14}},{"start":{"line":170,"column":18},"end":{"line":170,"column":27}},{"start":{"line":170,"column":31},"end":{"line":170,"column":43}},{"start":{"line":170,"column":48},"end":{"line":170,"column":53}},{"start":{"line":170,"column":57},"end":{"line":170,"column":64}},{"start":{"line":170,"column":68},"end":{"line":170,"column":89}}]}},"s":{"0":2,"1":7,"2":5,"3":7,"4":2,"5":5,"6":5,"7":5,"8":5,"9":7,"10":5,"11":2,"12":7,"13":7,"14":5,"15":7,"16":2,"17":14,"18":14,"19":14,"20":14,"21":2,"22":12,"23":12,"24":12,"25":6,"26":12,"27":7,"28":12,"29":12,"30":12,"31":3,"32":9,"33":2,"34":7,"35":7,"36":0,"37":2,"38":0,"39":0,"40":0,"41":0,"42":0,"43":0,"44":0,"45":0,"46":0,"47":0,"48":0,"49":0,"50":0,"51":0,"52":0,"53":0,"54":0,"55":0,"56":0,"57":0,"58":0,"59":0,"60":0,"61":0,"62":0,"63":0,"64":0,"65":0,"66":0,"67":0,"68":0,"69":0,"70":0,"71":2,"72":0,"73":0,"74":0,"75":0,"76":0,"77":0,"78":0,"79":0,"80":0,"81":0,"82":0,"83":0,"84":0,"85":0,"86":0,"87":0,"88":0,"89":2,"90":0,"91":0,"92":0,"93":0,"94":0,"95":0,"96":2,"97":0,"98":0,"99":0,"100":0,"101":0,"102":0,"103":2,"104":0,"105":0,"106":0,"107":0,"108":0,"109":0,"110":0,"111":2,"112":0,"113":0,"114":0,"115":0,"116":0,"117":0},"f":{"0":7,"1":7,"2":5,"3":14,"4":14,"5":0,"6":0,"7":0,"8":0,"9":0,"10":0,"11":0,"12":0,"13":0,"14":0,"15":0,"16":0,"17":0,"18":0},"b":{"0":[2,5],"1":[5,2],"2":[2,12],"3":[6,6],"4":[7,5],"5":[3,9],"6":[12,11],"7":[2,7],"8":[9,8],"9":[0,0],"10":[0,0],"11":[0,0,0,0,0,0]}}
,"/Users/Ani/Code_Camp/communic-backend/src/controllers/sectionControllers.ts": {"path":"/Users/Ani/Code_Camp/communic-backend/src/controllers/sectionControllers.ts","statementMap":{"0":{"start":{"line":2,"column":0},"end":{"line":2,"column":30}},"1":{"start":{"line":6,"column":13},"end":{"line":26,"column":2}},"2":{"start":{"line":6,"column":87},"end":{"line":26,"column":2}},"3":{"start":{"line":7,"column":2},"end":{"line":25,"column":null}},"4":{"start":{"line":8,"column":22},"end":{"line":8,"column":42}},"5":{"start":{"line":9,"column":40},"end":{"line":9,"column":48}},"6":{"start":{"line":10,"column":19},"end":{"line":10,"column":51}},"7":{"start":{"line":11,"column":20},"end":{"line":11,"column":46}},"8":{"start":{"line":13,"column":4},"end":{"line":15,"column":null}},"9":{"start":{"line":14,"column":6},"end":{"line":14,"column":50}},"10":{"start":{"line":17,"column":4},"end":{"line":21,"column":6}},"11":{"start":{"line":22,"column":4},"end":{"line":22,"column":11}},"12":{"start":{"line":24,"column":4},"end":{"line":24,"column":16}}},"fnMap":{"0":{"name":"(anonymous_7)","decl":{"start":{"line":6,"column":29},"end":{"line":6,"column":36}},"loc":{"start":{"line":6,"column":87},"end":{"line":26,"column":2}}},"1":{"name":"(anonymous_8)","decl":{"start":{"line":6,"column":87},"end":{"line":6,"column":null}},"loc":{"start":{"line":6,"column":87},"end":{"line":26,"column":1}}}},"branchMap":{"0":{"loc":{"start":{"line":10,"column":19},"end":{"line":10,"column":41}},"type":"binary-expr","locations":[{"start":{"line":10,"column":19},"end":{"line":10,"column":41}},{"start":{"line":10,"column":45},"end":{"line":10,"column":51}}]},"1":{"loc":{"start":{"line":13,"column":4},"end":{"line":15,"column":null}},"type":"if","locations":[{"start":{"line":13,"column":4},"end":{"line":15,"column":null}},{"start":{"line":13,"column":4},"end":{"line":15,"column":null}}]},"2":{"loc":{"start":{"line":13,"column":8},"end":{"line":13,"column":14}},"type":"binary-expr","locations":[{"start":{"line":13,"column":8},"end":{"line":13,"column":14}},{"start":{"line":13,"column":18},"end":{"line":13,"column":30}},{"start":{"line":13,"column":34},"end":{"line":13,"column":55}},{"start":{"line":13,"column":59},"end":{"line":13,"column":63}}]}},"s":{"0":1,"1":1,"2":0,"3":0,"4":0,"5":0,"6":0,"7":0,"8":0,"9":0,"10":0,"11":0,"12":0},"f":{"0":0,"1":0},"b":{"0":[0,0],"1":[0,0],"2":[0,0,0,0]}}
,"/Users/Ani/Code_Camp/communic-backend/src/controllers/taskControllers.ts": {"path":"/Users/Ani/Code_Camp/communic-backend/src/controllers/taskControllers.ts","statementMap":{"0":{"start":{"line":2,"column":0},"end":{"line":2,"column":30}},"1":{"start":{"line":8,"column":21},"end":{"line":19,"column":2}},"2":{"start":{"line":8,"column":36},"end":{"line":19,"column":2}},"3":{"start":{"line":9,"column":2},"end":{"line":18,"column":null}},"4":{"start":{"line":10,"column":23},"end":{"line":13,"column":null}},"5":{"start":{"line":15,"column":4},"end":{"line":15,"column":40}},"6":{"start":{"line":17,"column":4},"end":{"line":17,"column":16}},"7":{"start":{"line":21,"column":13},"end":{"line":44,"column":2}},"8":{"start":{"line":21,"column":84},"end":{"line":44,"column":2}},"9":{"start":{"line":22,"column":2},"end":{"line":43,"column":null}},"10":{"start":{"line":23,"column":17},"end":{"line":23,"column":25}},"11":{"start":{"line":24,"column":22},"end":{"line":24,"column":42}},"12":{"start":{"line":25,"column":18},"end":{"line":25,"column":32}},"13":{"start":{"line":26,"column":24},"end":{"line":26,"column":44}},"14":{"start":{"line":27,"column":19},"end":{"line":27,"column":34}},"15":{"start":{"line":28,"column":20},"end":{"line":28,"column":46}},"16":{"start":{"line":29,"column":22},"end":{"line":29,"column":36}},"17":{"start":{"line":31,"column":4},"end":{"line":33,"column":null}},"18":{"start":{"line":32,"column":6},"end":{"line":32,"column":42}},"19":{"start":{"line":35,"column":4},"end":{"line":39,"column":6}},"20":{"start":{"line":40,"column":4},"end":{"line":40,"column":11}},"21":{"start":{"line":42,"column":4},"end":{"line":42,"column":16}},"22":{"start":{"line":49,"column":13},"end":{"line":71,"column":2}},"23":{"start":{"line":49,"column":84},"end":{"line":71,"column":2}},"24":{"start":{"line":50,"column":2},"end":{"line":70,"column":null}},"25":{"start":{"line":51,"column":23},"end":{"line":51,"column":33}},"26":{"start":{"line":52,"column":23},"end":{"line":52,"column":42}},"27":{"start":{"line":55,"column":4},"end":{"line":55,"column":54}},"28":{"start":{"line":57,"column":4},"end":{"line":67,"column":null}},"29":{"start":{"line":58,"column":25},"end":{"line":62,"column":null}},"30":{"start":{"line":64,"column":6},"end":{"line":64,"column":13}},"31":{"start":{"line":66,"column":6},"end":{"line":66,"column":54}},"32":{"start":{"line":69,"column":4},"end":{"line":69,"column":16}},"33":{"start":{"line":73,"column":13},"end":{"line":89,"column":2}},"34":{"start":{"line":73,"column":87},"end":{"line":89,"column":2}},"35":{"start":{"line":74,"column":2},"end":{"line":88,"column":null}},"36":{"start":{"line":75,"column":31},"end":{"line":75,"column":41}},"37":{"start":{"line":78,"column":4},"end":{"line":78,"column":54}},"38":{"start":{"line":80,"column":23},"end":{"line":83,"column":null}},"39":{"start":{"line":85,"column":4},"end":{"line":85,"column":11}},"40":{"start":{"line":87,"column":4},"end":{"line":87,"column":16}},"41":{"start":{"line":91,"column":13},"end":{"line":107,"column":2}},"42":{"start":{"line":91,"column":90},"end":{"line":107,"column":2}},"43":{"start":{"line":92,"column":2},"end":{"line":106,"column":null}},"44":{"start":{"line":93,"column":31},"end":{"line":93,"column":41}},"45":{"start":{"line":96,"column":4},"end":{"line":96,"column":54}},"46":{"start":{"line":98,"column":23},"end":{"line":101,"column":null}},"47":{"start":{"line":103,"column":4},"end":{"line":103,"column":11}},"48":{"start":{"line":105,"column":4},"end":{"line":105,"column":16}}},"fnMap":{"0":{"name":"(anonymous_7)","decl":{"start":{"line":8,"column":21},"end":{"line":8,"column":27}},"loc":{"start":{"line":8,"column":36},"end":{"line":19,"column":2}}},"1":{"name":"(anonymous_8)","decl":{"start":{"line":8,"column":36},"end":{"line":8,"column":null}},"loc":{"start":{"line":8,"column":36},"end":{"line":19,"column":1}}},"2":{"name":"(anonymous_9)","decl":{"start":{"line":21,"column":26},"end":{"line":21,"column":33}},"loc":{"start":{"line":21,"column":84},"end":{"line":44,"column":2}}},"3":{"name":"(anonymous_10)","decl":{"start":{"line":21,"column":84},"end":{"line":21,"column":null}},"loc":{"start":{"line":21,"column":84},"end":{"line":44,"column":1}}},"4":{"name":"(anonymous_11)","decl":{"start":{"line":49,"column":26},"end":{"line":49,"column":33}},"loc":{"start":{"line":49,"column":84},"end":{"line":71,"column":2}}},"5":{"name":"(anonymous_12)","decl":{"start":{"line":49,"column":84},"end":{"line":49,"column":null}},"loc":{"start":{"line":49,"column":84},"end":{"line":71,"column":1}}},"6":{"name":"(anonymous_13)","decl":{"start":{"line":73,"column":29},"end":{"line":73,"column":36}},"loc":{"start":{"line":73,"column":87},"end":{"line":89,"column":2}}},"7":{"name":"(anonymous_14)","decl":{"start":{"line":73,"column":87},"end":{"line":73,"column":null}},"loc":{"start":{"line":73,"column":87},"end":{"line":89,"column":1}}},"8":{"name":"(anonymous_15)","decl":{"start":{"line":91,"column":32},"end":{"line":91,"column":39}},"loc":{"start":{"line":91,"column":90},"end":{"line":107,"column":2}}},"9":{"name":"(anonymous_16)","decl":{"start":{"line":91,"column":90},"end":{"line":91,"column":null}},"loc":{"start":{"line":91,"column":90},"end":{"line":107,"column":1}}}},"branchMap":{"0":{"loc":{"start":{"line":31,"column":4},"end":{"line":33,"column":null}},"type":"if","locations":[{"start":{"line":31,"column":4},"end":{"line":33,"column":null}},{"start":{"line":31,"column":4},"end":{"line":33,"column":null}}]},"1":{"loc":{"start":{"line":31,"column":8},"end":{"line":31,"column":14}},"type":"binary-expr","locations":[{"start":{"line":31,"column":8},"end":{"line":31,"column":14}},{"start":{"line":31,"column":18},"end":{"line":31,"column":30}},{"start":{"line":31,"column":34},"end":{"line":31,"column":41}},{"start":{"line":31,"column":45},"end":{"line":31,"column":66}},{"start":{"line":31,"column":70},"end":{"line":31,"column":80}}]},"2":{"loc":{"start":{"line":57,"column":4},"end":{"line":67,"column":null}},"type":"if","locations":[{"start":{"line":57,"column":4},"end":{"line":67,"column":null}},{"start":{"line":57,"column":4},"end":{"line":67,"column":null}}]}},"s":{"0":1,"1":1,"2":0,"3":0,"4":0,"5":0,"6":0,"7":1,"8":0,"9":0,"10":0,"11":0,"12":0,"13":0,"14":0,"15":0,"16":0,"17":0,"18":0,"19":0,"20":0,"21":0,"22":1,"23":0,"24":0,"25":0,"26":0,"27":0,"28":0,"29":0,"30":0,"31":0,"32":0,"33":1,"34":0,"35":0,"36":0,"37":0,"38":0,"39":0,"40":0,"41":1,"42":0,"43":0,"44":0,"45":0,"46":0,"47":0,"48":0},"f":{"0":0,"1":0,"2":0,"3":0,"4":0,"5":0,"6":0,"7":0,"8":0,"9":0},"b":{"0":[0,0],"1":[0,0,0,0,0],"2":[0,0]}}
,"/Users/Ani/Code_Camp/communic-backend/src/controllers/userControllers.ts": {"path":"/Users/Ani/Code_Camp/communic-backend/src/controllers/userControllers.ts","statementMap":{"0":{"start":{"line":2,"column":0},"end":{"line":2,"column":32}},"1":{"start":{"line":4,"column":0},"end":{"line":4,"column":35}},"2":{"start":{"line":5,"column":0},"end":{"line":5,"column":36}},"3":{"start":{"line":7,"column":0},"end":{"line":7,"column":50}},"4":{"start":{"line":9,"column":13},"end":{"line":20,"column":2}},"5":{"start":{"line":9,"column":81},"end":{"line":20,"column":2}},"6":{"start":{"line":10,"column":2},"end":{"line":19,"column":null}},"7":{"start":{"line":11,"column":23},"end":{"line":11,"column":97}},"8":{"start":{"line":12,"column":4},"end":{"line":16,"column":null}},"9":{"start":{"line":13,"column":6},"end":{"line":13,"column":48}},"10":{"start":{"line":15,"column":6},"end":{"line":15,"column":56}},"11":{"start":{"line":18,"column":4},"end":{"line":18,"column":16}},"12":{"start":{"line":28,"column":13},"end":{"line":105,"column":2}},"13":{"start":{"line":28,"column":86},"end":{"line":105,"column":2}},"14":{"start":{"line":29,"column":2},"end":{"line":104,"column":null}},"15":{"start":{"line":31,"column":42},"end":{"line":31,"column":50}},"16":{"start":{"line":33,"column":4},"end":{"line":35,"column":null}},"17":{"start":{"line":34,"column":6},"end":{"line":34,"column":88}},"18":{"start":{"line":38,"column":26},"end":{"line":38,"column":63}},"19":{"start":{"line":39,"column":23},"end":{"line":40,"column":null}},"20":{"start":{"line":42,"column":26},"end":{"line":42,"column":107}},"21":{"start":{"line":44,"column":4},"end":{"line":49,"column":null}},"22":{"start":{"line":45,"column":6},"end":{"line":45,"column":28}},"23":{"start":{"line":46,"column":6},"end":{"line":48,"column":9}},"24":{"start":{"line":52,"column":4},"end":{"line":54,"column":null}},"25":{"start":{"line":53,"column":6},"end":{"line":53,"column":111}},"26":{"start":{"line":56,"column":4},"end":{"line":61,"column":null}},"27":{"start":{"line":57,"column":6},"end":{"line":57,"column":94}},"28":{"start":{"line":58,"column":6},"end":{"line":60,"column":113}},"29":{"start":{"line":67,"column":42},"end":{"line":71,"column":null}},"30":{"start":{"line":74,"column":4},"end":{"line":76,"column":null}},"31":{"start":{"line":75,"column":6},"end":{"line":75,"column":79}},"32":{"start":{"line":79,"column":27},"end":{"line":79,"column":58}},"33":{"start":{"line":82,"column":21},"end":{"line":85,"column":null}},"34":{"start":{"line":88,"column":19},"end":{"line":88,"column":26}},"35":{"start":{"line":90,"column":17},"end":{"line":90,"column":42}},"36":{"start":{"line":94,"column":32},"end":{"line":94,"column":54}},"37":{"start":{"line":97,"column":4},"end":{"line":101,"column":7}},"38":{"start":{"line":103,"column":4},"end":{"line":103,"column":16}},"39":{"start":{"line":112,"column":13},"end":{"line":154,"column":2}},"40":{"start":{"line":112,"column":83},"end":{"line":154,"column":2}},"41":{"start":{"line":114,"column":30},"end":{"line":114,"column":38}},"42":{"start":{"line":117,"column":2},"end":{"line":119,"column":null}},"43":{"start":{"line":118,"column":4},"end":{"line":118,"column":76}},"44":{"start":{"line":122,"column":40},"end":{"line":126,"column":null}},"45":{"start":{"line":129,"column":17},"end":{"line":129,"column":36}},"46":{"start":{"line":132,"column":2},"end":{"line":134,"column":null}},"47":{"start":{"line":133,"column":4},"end":{"line":133,"column":89}},"48":{"start":{"line":137,"column":33},"end":{"line":137,"column":80}},"49":{"start":{"line":140,"column":2},"end":{"line":153,"column":null}},"50":{"start":{"line":141,"column":4},"end":{"line":141,"column":82}},"51":{"start":{"line":145,"column":17},"end":{"line":145,"column":42}},"52":{"start":{"line":147,"column":32},"end":{"line":147,"column":54}},"53":{"start":{"line":148,"column":4},"end":{"line":152,"column":7}},"54":{"start":{"line":157,"column":21},"end":{"line":162,"column":4}},"55":{"start":{"line":164,"column":2},"end":{"line":164,"column":14}},"56":{"start":{"line":167,"column":13},"end":{"line":180,"column":2}},"57":{"start":{"line":167,"column":82},"end":{"line":180,"column":2}},"58":{"start":{"line":168,"column":2},"end":{"line":179,"column":null}},"59":{"start":{"line":169,"column":15},"end":{"line":169,"column":32}},"60":{"start":{"line":170,"column":50},"end":{"line":170,"column":58}},"61":{"start":{"line":171,"column":23},"end":{"line":174,"column":null}},"62":{"start":{"line":176,"column":4},"end":{"line":176,"column":44}},"63":{"start":{"line":178,"column":4},"end":{"line":178,"column":16}},"64":{"start":{"line":182,"column":13},"end":{"line":190,"column":2}},"65":{"start":{"line":182,"column":84},"end":{"line":190,"column":2}},"66":{"start":{"line":183,"column":2},"end":{"line":189,"column":null}},"67":{"start":{"line":184,"column":19},"end":{"line":184,"column":36}},"68":{"start":{"line":185,"column":23},"end":{"line":185,"column":97}},"69":{"start":{"line":186,"column":4},"end":{"line":186,"column":25}},"70":{"start":{"line":188,"column":4},"end":{"line":188,"column":16}}},"fnMap":{"0":{"name":"(anonymous_8)","decl":{"start":{"line":9,"column":23},"end":{"line":9,"column":30}},"loc":{"start":{"line":9,"column":81},"end":{"line":20,"column":2}}},"1":{"name":"(anonymous_9)","decl":{"start":{"line":9,"column":81},"end":{"line":9,"column":null}},"loc":{"start":{"line":9,"column":81},"end":{"line":20,"column":1}}},"2":{"name":"(anonymous_10)","decl":{"start":{"line":28,"column":28},"end":{"line":28,"column":35}},"loc":{"start":{"line":28,"column":86},"end":{"line":105,"column":2}}},"3":{"name":"(anonymous_11)","decl":{"start":{"line":28,"column":86},"end":{"line":28,"column":null}},"loc":{"start":{"line":28,"column":86},"end":{"line":105,"column":1}}},"4":{"name":"(anonymous_12)","decl":{"start":{"line":112,"column":25},"end":{"line":112,"column":32}},"loc":{"start":{"line":112,"column":83},"end":{"line":154,"column":2}}},"5":{"name":"(anonymous_13)","decl":{"start":{"line":112,"column":83},"end":{"line":112,"column":null}},"loc":{"start":{"line":112,"column":83},"end":{"line":154,"column":1}}},"6":{"name":"mapToJwtUserModel","decl":{"start":{"line":156,"column":9},"end":{"line":156,"column":26}},"loc":{"start":{"line":156,"column":38},"end":{"line":165,"column":1}}},"7":{"name":"(anonymous_15)","decl":{"start":{"line":167,"column":24},"end":{"line":167,"column":31}},"loc":{"start":{"line":167,"column":82},"end":{"line":180,"column":2}}},"8":{"name":"(anonymous_16)","decl":{"start":{"line":167,"column":82},"end":{"line":167,"column":null}},"loc":{"start":{"line":167,"column":82},"end":{"line":180,"column":1}}},"9":{"name":"(anonymous_17)","decl":{"start":{"line":182,"column":26},"end":{"line":182,"column":33}},"loc":{"start":{"line":182,"column":84},"end":{"line":190,"column":2}}},"10":{"name":"(anonymous_18)","decl":{"start":{"line":182,"column":84},"end":{"line":182,"column":null}},"loc":{"start":{"line":182,"column":84},"end":{"line":190,"column":1}}}},"branchMap":{"0":{"loc":{"start":{"line":12,"column":4},"end":{"line":16,"column":null}},"type":"if","locations":[{"start":{"line":12,"column":4},"end":{"line":16,"column":null}},{"start":{"line":12,"column":4},"end":{"line":16,"column":null}}]},"1":{"loc":{"start":{"line":33,"column":4},"end":{"line":35,"column":null}},"type":"if","locations":[{"start":{"line":33,"column":4},"end":{"line":35,"column":null}},{"start":{"line":33,"column":4},"end":{"line":35,"column":null}}]},"2":{"loc":{"start":{"line":33,"column":8},"end":{"line":33,"column":17}},"type":"binary-expr","locations":[{"start":{"line":33,"column":8},"end":{"line":33,"column":17}},{"start":{"line":33,"column":21},"end":{"line":33,"column":27}},{"start":{"line":33,"column":31},"end":{"line":33,"column":40}}]},"3":{"loc":{"start":{"line":44,"column":4},"end":{"line":49,"column":null}},"type":"if","locations":[{"start":{"line":44,"column":4},"end":{"line":49,"column":null}},{"start":{"line":44,"column":4},"end":{"line":49,"column":null}}]},"4":{"loc":{"start":{"line":52,"column":4},"end":{"line":54,"column":null}},"type":"if","locations":[{"start":{"line":52,"column":4},"end":{"line":54,"column":null}},{"start":{"line":52,"column":4},"end":{"line":54,"column":null}}]},"5":{"loc":{"start":{"line":56,"column":4},"end":{"line":61,"column":null}},"type":"if","locations":[{"start":{"line":56,"column":4},"end":{"line":61,"column":null}},{"start":{"line":56,"column":4},"end":{"line":61,"column":null}}]},"6":{"loc":{"start":{"line":74,"column":4},"end":{"line":76,"column":null}},"type":"if","locations":[{"start":{"line":74,"column":4},"end":{"line":76,"column":null}},{"start":{"line":74,"column":4},"end":{"line":76,"column":null}}]},"7":{"loc":{"start":{"line":117,"column":2},"end":{"line":119,"column":null}},"type":"if","locations":[{"start":{"line":117,"column":2},"end":{"line":119,"column":null}},{"start":{"line":117,"column":2},"end":{"line":119,"column":null}}]},"8":{"loc":{"start":{"line":117,"column":6},"end":{"line":117,"column":12}},"type":"binary-expr","locations":[{"start":{"line":117,"column":6},"end":{"line":117,"column":12}},{"start":{"line":117,"column":16},"end":{"line":117,"column":25}}]},"9":{"loc":{"start":{"line":132,"column":2},"end":{"line":134,"column":null}},"type":"if","locations":[{"start":{"line":132,"column":2},"end":{"line":134,"column":null}},{"start":{"line":132,"column":2},"end":{"line":134,"column":null}}]},"10":{"loc":{"start":{"line":140,"column":2},"end":{"line":153,"column":null}},"type":"if","locations":[{"start":{"line":140,"column":2},"end":{"line":153,"column":null}},{"start":{"line":140,"column":2},"end":{"line":153,"column":null}}]}},"s":{"0":1,"1":1,"2":1,"3":1,"4":1,"5":0,"6":0,"7":0,"8":0,"9":0,"10":0,"11":0,"12":1,"13":0,"14":0,"15":0,"16":0,"17":0,"18":0,"19":0,"20":0,"21":0,"22":0,"23":0,"24":0,"25":0,"26":0,"27":0,"28":0,"29":0,"30":0,"31":0,"32":0,"33":0,"34":0,"35":0,"36":0,"37":0,"38":0,"39":1,"40":0,"41":0,"42":0,"43":0,"44":0,"45":0,"46":0,"47":0,"48":0,"49":0,"50":0,"51":0,"52":0,"53":0,"54":0,"55":0,"56":1,"57":0,"58":0,"59":0,"60":0,"61":0,"62":0,"63":0,"64":1,"65":0,"66":0,"67":0,"68":0,"69":0,"70":0},"f":{"0":0,"1":0,"2":0,"3":0,"4":0,"5":0,"6":0,"7":0,"8":0,"9":0,"10":0},"b":{"0":[0,0],"1":[0,0],"2":[0,0,0],"3":[0,0],"4":[0,0],"5":[0,0],"6":[0,0],"7":[0,0],"8":[0,0],"9":[0,0],"10":[0,0]}}
,"/Users/Ani/Code_Camp/communic-backend/src/db/index.ts": {"path":"/Users/Ani/Code_Camp/communic-backend/src/db/index.ts","statementMap":{"0":{"start":{"line":1,"column":0},"end":{"line":1,"column":30}},"1":{"start":{"line":2,"column":0},"end":{"line":2,"column":39}},"2":{"start":{"line":4,"column":0},"end":{"line":4,"column":23}},"3":{"start":{"line":7,"column":13},"end":{"line":9,"column":2}},"4":{"start":{"line":8,"column":2},"end":{"line":8,"column":31}},"5":{"start":{"line":11,"column":13},"end":{"line":15,"column":2}},"6":{"start":{"line":12,"column":2},"end":{"line":14,"column":5}},"7":{"start":{"line":17,"column":0},"end":{"line":17,"column":13}}},"fnMap":{"0":{"name":"(anonymous_1)","decl":{"start":{"line":7,"column":21},"end":{"line":7,"column":22}},"loc":{"start":{"line":7,"column":53},"end":{"line":9,"column":1}}},"1":{"name":"(anonymous_2)","decl":{"start":{"line":11,"column":26},"end":{"line":11,"column":29}},"loc":{"start":{"line":11,"column":31},"end":{"line":15,"column":1}}}},"branchMap":{},"s":{"0":2,"1":2,"2":2,"3":2,"4":30,"5":2,"6":2,"7":2},"f":{"0":30,"1":2},"b":{}}
,"/Users/Ani/Code_Camp/communic-backend/src/migrations/index.ts": {"path":"/Users/Ani/Code_Camp/communic-backend/src/migrations/index.ts","statementMap":{"0":{"start":{"line":1,"column":0},"end":{"line":1,"column":47}},"1":{"start":{"line":2,"column":0},"end":{"line":2,"column":20}},"2":{"start":{"line":3,"column":0},"end":{"line":3,"column":30}},"3":{"start":{"line":7,"column":26},"end":{"line":7,"column":107}},"4":{"start":{"line":8,"column":2},"end":{"line":8,"column":31}},"5":{"start":{"line":11,"column":2},"end":{"line":16,"column":null}},"6":{"start":{"line":12,"column":4},"end":{"line":15,"column":null}},"7":{"start":{"line":13,"column":26},"end":{"line":13,"column":103}},"8":{"start":{"line":14,"column":6},"end":{"line":14,"column":31}},"9":{"start":{"line":5,"column":0},"end":{"line":5,"column":22}}},"fnMap":{"0":{"name":"setupDatabase","decl":{"start":{"line":5,"column":22},"end":{"line":5,"column":35}},"loc":{"start":{"line":5,"column":35},"end":{"line":17,"column":null}}}},"branchMap":{"0":{"loc":{"start":{"line":11,"column":2},"end":{"line":16,"column":null}},"type":"if","locations":[{"start":{"line":11,"column":2},"end":{"line":16,"column":null}},{"start":{"line":11,"column":2},"end":{"line":16,"column":null}}]},"1":{"loc":{"start":{"line":11,"column":6},"end":{"line":11,"column":34}},"type":"binary-expr","locations":[{"start":{"line":11,"column":6},"end":{"line":11,"column":34}},{"start":{"line":11,"column":38},"end":{"line":11,"column":59}}]},"2":{"loc":{"start":{"line":12,"column":4},"end":{"line":15,"column":null}},"type":"if","locations":[{"start":{"line":12,"column":4},"end":{"line":15,"column":null}},{"start":{"line":12,"column":4},"end":{"line":15,"column":null}}]}},"s":{"0":1,"1":1,"2":1,"3":12,"4":12,"5":12,"6":12,"7":0,"8":0,"9":1},"f":{"0":12},"b":{"0":[12,0],"1":[12,12],"2":[0,12]}}
}
