TN:
SF:/Users/Ani/Code_Camp/communic-backend/src/app.ts
FN:21,(anonymous_9)
FN:21,(anonymous_10)
FN:28,(anonymous_11)
FN:41,(anonymous_12)
FN:51,(anonymous_13)
FN:61,(anonymous_14)
FN:98,(anonymous_15)
FNF:7
FNH:3
FNDA:12,(anonymous_9)
FNDA:12,(anonymous_10)
FNDA:0,(anonymous_11)
FNDA:0,(anonymous_12)
FNDA:0,(anonymous_13)
FNDA:1,(anonymous_14)
FNDA:0,(anonymous_15)
DA:1,1
DA:3,1
DA:4,1
DA:5,1
DA:6,1
DA:7,1
DA:16,1
DA:17,1
DA:18,1
DA:19,1
DA:21,12
DA:22,12
DA:23,12
DA:24,12
DA:25,12
DA:28,12
DA:31,0
DA:35,0
DA:37,0
DA:38,0
DA:41,0
DA:43,0
DA:45,0
DA:46,0
DA:51,12
DA:52,0
DA:53,0
DA:54,0
DA:55,0
DA:57,0
DA:61,12
DA:62,1
DA:65,12
DA:66,12
DA:67,12
DA:68,12
DA:69,12
DA:70,12
DA:76,12
DA:78,12
DA:79,12
DA:80,12
DA:88,12
DA:93,12
DA:94,12
DA:95,12
DA:96,12
DA:98,12
DA:99,0
DA:100,0
DA:103,12
DA:104,12
LF:52
LH:37
BRDA:35,0,0,0
BRDA:35,0,1,0
BRDA:37,1,0,0
BRDA:37,1,1,0
BRDA:43,2,0,0
BRDA:43,2,1,0
BRDA:53,3,0,0
BRDA:53,3,1,0
BRDA:54,4,0,0
BRDA:54,4,1,0
BRDA:54,5,0,0
BRDA:54,5,1,0
BRF:12
BRH:0
end_of_record
TN:
SF:/Users/Ani/Code_Camp/communic-backend/src/configuration/index.ts
FNF:0
FNH:0
DA:1,1
DA:2,1
DA:6,1
LF:3
LH:3
BRDA:1,0,0,1
BRDA:1,0,1,1
BRDA:2,1,0,1
BRDA:2,1,1,0
BRF:4
BRH:3
end_of_record
TN:
SF:/Users/Ani/Code_Camp/communic-backend/src/controllers/projectControllers.ts
FN:6,calculateSqlParamValue
FN:10,searchForProjects
FN:12,specifyPagination
FN:37,(anonymous_11)
FN:37,(anonymous_12)
FN:73,(anonymous_13)
FN:73,(anonymous_14)
FN:124,(anonymous_15)
FN:127,(anonymous_16)
FN:146,(anonymous_17)
FN:146,(anonymous_18)
FN:173,(anonymous_19)
FN:173,(anonymous_20)
FN:189,(anonymous_21)
FN:189,(anonymous_22)
FN:205,(anonymous_23)
FN:205,(anonymous_24)
FN:221,(anonymous_25)
FN:221,(anonymous_26)
FNF:19
FNH:5
FNDA:7,calculateSqlParamValue
FNDA:7,searchForProjects
FNDA:5,specifyPagination
FNDA:14,(anonymous_11)
FNDA:14,(anonymous_12)
FNDA:0,(anonymous_13)
FNDA:0,(anonymous_14)
FNDA:0,(anonymous_15)
FNDA:0,(anonymous_16)
FNDA:0,(anonymous_17)
FNDA:0,(anonymous_18)
FNDA:0,(anonymous_19)
FNDA:0,(anonymous_20)
FNDA:0,(anonymous_21)
FNDA:0,(anonymous_22)
FNDA:0,(anonymous_23)
FNDA:0,(anonymous_24)
FNDA:0,(anonymous_25)
FNDA:0,(anonymous_26)
DA:2,2
DA:7,7
DA:13,5
DA:15,7
DA:16,2
DA:18,5
DA:20,5
DA:21,5
DA:23,7
DA:24,5
DA:26,2
DA:28,7
DA:29,7
DA:32,5
DA:34,7
DA:37,14
DA:38,14
DA:39,14
DA:40,14
DA:41,2
DA:43,12
DA:44,12
DA:46,12
DA:47,6
DA:49,12
DA:50,7
DA:52,12
DA:53,12
DA:55,12
DA:56,3
DA:58,9
DA:59,2
DA:62,7
DA:67,7
DA:69,0
DA:73,2
DA:74,0
DA:76,0
DA:79,0
DA:80,0
DA:84,0
DA:87,0
DA:93,0
DA:96,0
DA:99,0
DA:101,0
DA:103,0
DA:104,0
DA:108,0
DA:111,0
DA:113,0
DA:114,0
DA:116,0
DA:124,0
DA:125,0
DA:126,0
DA:127,0
DA:129,0
DA:132,0
DA:135,0
DA:136,0
DA:138,0
DA:141,0
DA:146,2
DA:147,0
DA:148,0
DA:149,0
DA:150,0
DA:151,0
DA:152,0
DA:153,0
DA:155,0
DA:156,0
DA:161,0
DA:166,0
DA:168,0
DA:173,2
DA:174,0
DA:175,0
DA:176,0
DA:183,0
DA:185,0
DA:189,2
DA:190,0
DA:191,0
DA:192,0
DA:199,0
DA:201,0
DA:205,2
DA:206,0
DA:207,0
DA:209,0
DA:214,0
DA:216,0
DA:217,0
DA:221,2
DA:222,0
DA:223,0
DA:225,0
DA:231,0
DA:233,0
LF:101
LH:40
BRDA:15,0,0,2
BRDA:15,0,1,5
BRDA:23,1,0,5
BRDA:23,1,1,2
BRDA:40,2,0,2
BRDA:40,2,1,12
BRDA:46,3,0,6
BRDA:46,3,1,6
BRDA:49,4,0,7
BRDA:49,4,1,5
BRDA:55,5,0,3
BRDA:55,5,1,9
BRDA:55,6,0,12
BRDA:55,6,1,11
BRDA:58,7,0,2
BRDA:58,7,1,7
BRDA:58,8,0,9
BRDA:58,8,1,8
BRDA:135,9,0,0
BRDA:135,9,1,0
BRDA:155,10,0,0
BRDA:155,10,1,0
BRDA:155,11,0,0
BRDA:155,11,1,0
BRDA:155,11,2,0
BRDA:155,11,3,0
BRDA:155,11,4,0
BRF:27
BRH:18
end_of_record
TN:
SF:/Users/Ani/Code_Camp/communic-backend/src/controllers/sectionControllers.ts
FN:6,(anonymous_7)
FN:6,(anonymous_8)
FNF:2
FNH:0
FNDA:0,(anonymous_7)
FNDA:0,(anonymous_8)
DA:2,1
DA:6,1
DA:7,0
DA:8,0
DA:9,0
DA:10,0
DA:11,0
DA:13,0
DA:14,0
DA:17,0
DA:22,0
DA:24,0
LF:12
LH:2
BRDA:10,0,0,0
BRDA:10,0,1,0
BRDA:13,1,0,0
BRDA:13,1,1,0
BRDA:13,2,0,0
BRDA:13,2,1,0
BRDA:13,2,2,0
BRDA:13,2,3,0
BRF:8
BRH:0
end_of_record
TN:
SF:/Users/Ani/Code_Camp/communic-backend/src/controllers/taskControllers.ts
FN:8,(anonymous_7)
FN:8,(anonymous_8)
FN:21,(anonymous_9)
FN:21,(anonymous_10)
FN:46,(anonymous_11)
FN:46,(anonymous_12)
FN:64,(anonymous_13)
FN:64,(anonymous_14)
FN:88,(anonymous_15)
FN:88,(anonymous_16)
FN:106,(anonymous_17)
FN:106,(anonymous_18)
FNF:12
FNH:0
FNDA:0,(anonymous_7)
FNDA:0,(anonymous_8)
FNDA:0,(anonymous_9)
FNDA:0,(anonymous_10)
FNDA:0,(anonymous_11)
FNDA:0,(anonymous_12)
FNDA:0,(anonymous_13)
FNDA:0,(anonymous_14)
FNDA:0,(anonymous_15)
FNDA:0,(anonymous_16)
FNDA:0,(anonymous_17)
FNDA:0,(anonymous_18)
DA:2,1
DA:8,1
DA:9,0
DA:10,0
DA:15,0
DA:17,0
DA:21,1
DA:22,0
DA:23,0
DA:24,0
DA:25,0
DA:26,0
DA:27,0
DA:28,0
DA:29,0
DA:31,0
DA:32,0
DA:35,0
DA:40,0
DA:42,0
DA:46,1
DA:47,0
DA:48,0
DA:49,0
DA:55,0
DA:57,0
DA:64,1
DA:65,0
DA:66,0
DA:67,0
DA:70,0
DA:72,0
DA:73,0
DA:79,0
DA:81,0
DA:84,0
DA:88,1
DA:89,0
DA:90,0
DA:93,0
DA:95,0
DA:100,0
DA:102,0
DA:106,1
DA:107,0
DA:108,0
DA:111,0
DA:113,0
DA:118,0
DA:120,0
LF:50
LH:7
BRDA:31,0,0,0
BRDA:31,0,1,0
BRDA:31,1,0,0
BRDA:31,1,1,0
BRDA:31,1,2,0
BRDA:31,1,3,0
BRDA:31,1,4,0
BRDA:72,2,0,0
BRDA:72,2,1,0
BRF:9
BRH:0
end_of_record
TN:
SF:/Users/Ani/Code_Camp/communic-backend/src/controllers/userControllers.ts
FN:9,(anonymous_8)
FN:9,(anonymous_9)
FN:22,(anonymous_10)
FN:22,(anonymous_11)
FN:102,(anonymous_12)
FN:102,(anonymous_13)
FN:145,mapToJwtUserModel
FN:156,(anonymous_15)
FN:156,(anonymous_16)
FN:171,(anonymous_17)
FN:171,(anonymous_18)
FNF:11
FNH:0
FNDA:0,(anonymous_8)
FNDA:0,(anonymous_9)
FNDA:0,(anonymous_10)
FNDA:0,(anonymous_11)
FNDA:0,(anonymous_12)
FNDA:0,(anonymous_13)
FNDA:0,mapToJwtUserModel
FNDA:0,(anonymous_15)
FNDA:0,(anonymous_16)
FNDA:0,(anonymous_17)
FNDA:0,(anonymous_18)
DA:2,1
DA:4,1
DA:5,1
DA:7,1
DA:9,1
DA:10,0
DA:11,0
DA:12,0
DA:13,0
DA:15,0
DA:18,0
DA:22,1
DA:23,0
DA:25,0
DA:27,0
DA:28,0
DA:32,0
DA:33,0
DA:36,0
DA:38,0
DA:39,0
DA:40,0
DA:46,0
DA:47,0
DA:50,0
DA:51,0
DA:52,0
DA:61,0
DA:68,0
DA:69,0
DA:73,0
DA:76,0
DA:82,0
DA:84,0
DA:88,0
DA:91,0
DA:98,0
DA:102,1
DA:104,0
DA:107,0
DA:108,0
DA:112,0
DA:119,0
DA:122,0
DA:123,0
DA:127,0
DA:130,0
DA:131,0
DA:135,0
DA:137,0
DA:138,0
DA:146,0
DA:153,0
DA:156,1
DA:157,0
DA:158,0
DA:159,0
DA:160,0
DA:165,0
DA:167,0
DA:171,1
DA:172,0
DA:173,0
DA:174,0
DA:175,0
DA:177,0
LF:66
LH:9
BRDA:12,0,0,0
BRDA:12,0,1,0
BRDA:27,1,0,0
BRDA:27,1,1,0
BRDA:27,2,0,0
BRDA:27,2,1,0
BRDA:27,2,2,0
BRDA:38,3,0,0
BRDA:38,3,1,0
BRDA:46,4,0,0
BRDA:46,4,1,0
BRDA:50,5,0,0
BRDA:50,5,1,0
BRDA:68,6,0,0
BRDA:68,6,1,0
BRDA:107,7,0,0
BRDA:107,7,1,0
BRDA:107,8,0,0
BRDA:107,8,1,0
BRDA:122,9,0,0
BRDA:122,9,1,0
BRDA:130,10,0,0
BRDA:130,10,1,0
BRF:23
BRH:0
end_of_record
TN:
SF:/Users/Ani/Code_Camp/communic-backend/src/db/index.ts
FN:7,(anonymous_1)
FN:11,(anonymous_2)
FNF:2
FNH:2
FNDA:30,(anonymous_1)
FNDA:2,(anonymous_2)
DA:1,2
DA:2,2
DA:4,2
DA:7,2
DA:8,30
DA:11,2
DA:12,2
DA:17,2
LF:8
LH:8
BRF:0
BRH:0
end_of_record
TN:
SF:/Users/Ani/Code_Camp/communic-backend/src/migrations/index.ts
FN:5,setupDatabase
FNF:1
FNH:1
FNDA:12,setupDatabase
DA:1,1
DA:2,1
DA:3,1
DA:5,1
DA:7,12
DA:8,12
DA:11,12
DA:12,12
DA:13,0
DA:14,0
LF:10
LH:8
BRDA:11,0,0,12
BRDA:11,0,1,0
BRDA:11,1,0,12
BRDA:11,1,1,12
BRDA:12,2,0,0
BRDA:12,2,1,12
BRF:6
BRH:4
end_of_record
